  Game.cpp
C:\Users\Games\Documents\Unreal Projects\GitHub\nicks-Friday-THE-ENGINE\NickGameEngines245864_04102024\NickEnginesS245864_01102024\Entity2.hpp(25,37): warning C4244: '=': conversion from 'T' to 'int', possible loss of data
C:\Users\Games\Documents\Unreal Projects\GitHub\nicks-Friday-THE-ENGINE\NickGameEngines245864_04102024\NickEnginesS245864_01102024\Entity2.hpp(25,37): warning C4244:         with
C:\Users\Games\Documents\Unreal Projects\GitHub\nicks-Friday-THE-ENGINE\NickGameEngines245864_04102024\NickEnginesS245864_01102024\Entity2.hpp(25,37): warning C4244:         [
C:\Users\Games\Documents\Unreal Projects\GitHub\nicks-Friday-THE-ENGINE\NickGameEngines245864_04102024\NickEnginesS245864_01102024\Entity2.hpp(25,37): warning C4244:             T=float
C:\Users\Games\Documents\Unreal Projects\GitHub\nicks-Friday-THE-ENGINE\NickGameEngines245864_04102024\NickEnginesS245864_01102024\Entity2.hpp(25,37): warning C4244:         ]
C:\Users\Games\Documents\Unreal Projects\GitHub\nicks-Friday-THE-ENGINE\NickGameEngines245864_04102024\NickEnginesS245864_01102024\Entity2.hpp(26,37): warning C4244: '=': conversion from 'T' to 'int', possible loss of data
C:\Users\Games\Documents\Unreal Projects\GitHub\nicks-Friday-THE-ENGINE\NickGameEngines245864_04102024\NickEnginesS245864_01102024\Entity2.hpp(26,37): warning C4244:         with
C:\Users\Games\Documents\Unreal Projects\GitHub\nicks-Friday-THE-ENGINE\NickGameEngines245864_04102024\NickEnginesS245864_01102024\Entity2.hpp(26,37): warning C4244:         [
C:\Users\Games\Documents\Unreal Projects\GitHub\nicks-Friday-THE-ENGINE\NickGameEngines245864_04102024\NickEnginesS245864_01102024\Entity2.hpp(26,37): warning C4244:             T=float
C:\Users\Games\Documents\Unreal Projects\GitHub\nicks-Friday-THE-ENGINE\NickGameEngines245864_04102024\NickEnginesS245864_01102024\Entity2.hpp(26,37): warning C4244:         ]
C:\Users\Games\Documents\Unreal Projects\GitHub\nicks-Friday-THE-ENGINE\NickGameEngines245864_04102024\NickEnginesS245864_01102024\Entity2.hpp(66,103): warning C4244: 'argument': conversion from 'T' to 'int', possible loss of data
C:\Users\Games\Documents\Unreal Projects\GitHub\nicks-Friday-THE-ENGINE\NickGameEngines245864_04102024\NickEnginesS245864_01102024\Entity2.hpp(66,103): warning C4244:         with
C:\Users\Games\Documents\Unreal Projects\GitHub\nicks-Friday-THE-ENGINE\NickGameEngines245864_04102024\NickEnginesS245864_01102024\Entity2.hpp(66,103): warning C4244:         [
C:\Users\Games\Documents\Unreal Projects\GitHub\nicks-Friday-THE-ENGINE\NickGameEngines245864_04102024\NickEnginesS245864_01102024\Entity2.hpp(66,103): warning C4244:             T=float
C:\Users\Games\Documents\Unreal Projects\GitHub\nicks-Friday-THE-ENGINE\NickGameEngines245864_04102024\NickEnginesS245864_01102024\Entity2.hpp(66,103): warning C4244:         ]
C:\Users\Games\Documents\Unreal Projects\GitHub\nicks-Friday-THE-ENGINE\NickGameEngines245864_04102024\NickEnginesS245864_01102024\Entity2.hpp(66,76): warning C4244: 'argument': conversion from 'T' to 'int', possible loss of data
C:\Users\Games\Documents\Unreal Projects\GitHub\nicks-Friday-THE-ENGINE\NickGameEngines245864_04102024\NickEnginesS245864_01102024\Entity2.hpp(66,76): warning C4244:         with
C:\Users\Games\Documents\Unreal Projects\GitHub\nicks-Friday-THE-ENGINE\NickGameEngines245864_04102024\NickEnginesS245864_01102024\Entity2.hpp(66,76): warning C4244:         [
C:\Users\Games\Documents\Unreal Projects\GitHub\nicks-Friday-THE-ENGINE\NickGameEngines245864_04102024\NickEnginesS245864_01102024\Entity2.hpp(66,76): warning C4244:             T=float
C:\Users\Games\Documents\Unreal Projects\GitHub\nicks-Friday-THE-ENGINE\NickGameEngines245864_04102024\NickEnginesS245864_01102024\Entity2.hpp(66,76): warning C4244:         ]
C:\Users\Games\Documents\Unreal Projects\GitHub\nicks-Friday-THE-ENGINE\NickGameEngines245864_04102024\NickEnginesS245864_01102024\Entity2.hpp(131,107): warning C4244: 'argument': conversion from 'T' to 'int', possible loss of data
C:\Users\Games\Documents\Unreal Projects\GitHub\nicks-Friday-THE-ENGINE\NickGameEngines245864_04102024\NickEnginesS245864_01102024\Entity2.hpp(131,107): warning C4244:         with
C:\Users\Games\Documents\Unreal Projects\GitHub\nicks-Friday-THE-ENGINE\NickGameEngines245864_04102024\NickEnginesS245864_01102024\Entity2.hpp(131,107): warning C4244:         [
C:\Users\Games\Documents\Unreal Projects\GitHub\nicks-Friday-THE-ENGINE\NickGameEngines245864_04102024\NickEnginesS245864_01102024\Entity2.hpp(131,107): warning C4244:             T=float
C:\Users\Games\Documents\Unreal Projects\GitHub\nicks-Friday-THE-ENGINE\NickGameEngines245864_04102024\NickEnginesS245864_01102024\Entity2.hpp(131,107): warning C4244:         ]
C:\Users\Games\Documents\Unreal Projects\GitHub\nicks-Friday-THE-ENGINE\NickGameEngines245864_04102024\NickEnginesS245864_01102024\Entity2.hpp(131,80): warning C4244: 'argument': conversion from 'T' to 'int', possible loss of data
C:\Users\Games\Documents\Unreal Projects\GitHub\nicks-Friday-THE-ENGINE\NickGameEngines245864_04102024\NickEnginesS245864_01102024\Entity2.hpp(131,80): warning C4244:         with
C:\Users\Games\Documents\Unreal Projects\GitHub\nicks-Friday-THE-ENGINE\NickGameEngines245864_04102024\NickEnginesS245864_01102024\Entity2.hpp(131,80): warning C4244:         [
C:\Users\Games\Documents\Unreal Projects\GitHub\nicks-Friday-THE-ENGINE\NickGameEngines245864_04102024\NickEnginesS245864_01102024\Entity2.hpp(131,80): warning C4244:             T=float
C:\Users\Games\Documents\Unreal Projects\GitHub\nicks-Friday-THE-ENGINE\NickGameEngines245864_04102024\NickEnginesS245864_01102024\Entity2.hpp(131,80): warning C4244:         ]
C:\Users\Games\Documents\Unreal Projects\GitHub\nicks-Friday-THE-ENGINE\NickGameEngines245864_04102024\NickEnginesS245864_01102024\Entity2.hpp(135,110): warning C4244: 'argument': conversion from 'T' to 'int', possible loss of data
C:\Users\Games\Documents\Unreal Projects\GitHub\nicks-Friday-THE-ENGINE\NickGameEngines245864_04102024\NickEnginesS245864_01102024\Entity2.hpp(135,110): warning C4244:         with
C:\Users\Games\Documents\Unreal Projects\GitHub\nicks-Friday-THE-ENGINE\NickGameEngines245864_04102024\NickEnginesS245864_01102024\Entity2.hpp(135,110): warning C4244:         [
C:\Users\Games\Documents\Unreal Projects\GitHub\nicks-Friday-THE-ENGINE\NickGameEngines245864_04102024\NickEnginesS245864_01102024\Entity2.hpp(135,110): warning C4244:             T=float
C:\Users\Games\Documents\Unreal Projects\GitHub\nicks-Friday-THE-ENGINE\NickGameEngines245864_04102024\NickEnginesS245864_01102024\Entity2.hpp(135,110): warning C4244:         ]
C:\Users\Games\Documents\Unreal Projects\GitHub\nicks-Friday-THE-ENGINE\NickGameEngines245864_04102024\NickEnginesS245864_01102024\Entity2.hpp(135,83): warning C4244: 'argument': conversion from 'T' to 'int', possible loss of data
C:\Users\Games\Documents\Unreal Projects\GitHub\nicks-Friday-THE-ENGINE\NickGameEngines245864_04102024\NickEnginesS245864_01102024\Entity2.hpp(135,83): warning C4244:         with
C:\Users\Games\Documents\Unreal Projects\GitHub\nicks-Friday-THE-ENGINE\NickGameEngines245864_04102024\NickEnginesS245864_01102024\Entity2.hpp(135,83): warning C4244:         [
C:\Users\Games\Documents\Unreal Projects\GitHub\nicks-Friday-THE-ENGINE\NickGameEngines245864_04102024\NickEnginesS245864_01102024\Entity2.hpp(135,83): warning C4244:             T=float
C:\Users\Games\Documents\Unreal Projects\GitHub\nicks-Friday-THE-ENGINE\NickGameEngines245864_04102024\NickEnginesS245864_01102024\Entity2.hpp(135,83): warning C4244:         ]
C:\Users\Games\Documents\Unreal Projects\GitHub\nicks-Friday-THE-ENGINE\NickGameEngines245864_04102024\NickEnginesS245864_01102024\Entity2.hpp(163,103): warning C4244: 'argument': conversion from 'T' to 'int', possible loss of data
C:\Users\Games\Documents\Unreal Projects\GitHub\nicks-Friday-THE-ENGINE\NickGameEngines245864_04102024\NickEnginesS245864_01102024\Entity2.hpp(163,103): warning C4244:         with
C:\Users\Games\Documents\Unreal Projects\GitHub\nicks-Friday-THE-ENGINE\NickGameEngines245864_04102024\NickEnginesS245864_01102024\Entity2.hpp(163,103): warning C4244:         [
C:\Users\Games\Documents\Unreal Projects\GitHub\nicks-Friday-THE-ENGINE\NickGameEngines245864_04102024\NickEnginesS245864_01102024\Entity2.hpp(163,103): warning C4244:             T=float
C:\Users\Games\Documents\Unreal Projects\GitHub\nicks-Friday-THE-ENGINE\NickGameEngines245864_04102024\NickEnginesS245864_01102024\Entity2.hpp(163,103): warning C4244:         ]
C:\Users\Games\Documents\Unreal Projects\GitHub\nicks-Friday-THE-ENGINE\NickGameEngines245864_04102024\NickEnginesS245864_01102024\Entity2.hpp(163,76): warning C4244: 'argument': conversion from 'T' to 'int', possible loss of data
C:\Users\Games\Documents\Unreal Projects\GitHub\nicks-Friday-THE-ENGINE\NickGameEngines245864_04102024\NickEnginesS245864_01102024\Entity2.hpp(163,76): warning C4244:         with
C:\Users\Games\Documents\Unreal Projects\GitHub\nicks-Friday-THE-ENGINE\NickGameEngines245864_04102024\NickEnginesS245864_01102024\Entity2.hpp(163,76): warning C4244:         [
C:\Users\Games\Documents\Unreal Projects\GitHub\nicks-Friday-THE-ENGINE\NickGameEngines245864_04102024\NickEnginesS245864_01102024\Entity2.hpp(163,76): warning C4244:             T=float
C:\Users\Games\Documents\Unreal Projects\GitHub\nicks-Friday-THE-ENGINE\NickGameEngines245864_04102024\NickEnginesS245864_01102024\Entity2.hpp(163,76): warning C4244:         ]
C:\Users\Games\Documents\Unreal Projects\GitHub\nicks-Friday-THE-ENGINE\NickGameEngines245864_04102024\NickEnginesS245864_01102024\Entity2.hpp(188,99): warning C4244: 'argument': conversion from 'T' to 'int', possible loss of data
C:\Users\Games\Documents\Unreal Projects\GitHub\nicks-Friday-THE-ENGINE\NickGameEngines245864_04102024\NickEnginesS245864_01102024\Entity2.hpp(188,99): warning C4244:         with
C:\Users\Games\Documents\Unreal Projects\GitHub\nicks-Friday-THE-ENGINE\NickGameEngines245864_04102024\NickEnginesS245864_01102024\Entity2.hpp(188,99): warning C4244:         [
C:\Users\Games\Documents\Unreal Projects\GitHub\nicks-Friday-THE-ENGINE\NickGameEngines245864_04102024\NickEnginesS245864_01102024\Entity2.hpp(188,99): warning C4244:             T=float
C:\Users\Games\Documents\Unreal Projects\GitHub\nicks-Friday-THE-ENGINE\NickGameEngines245864_04102024\NickEnginesS245864_01102024\Entity2.hpp(188,99): warning C4244:         ]
C:\Users\Games\Documents\Unreal Projects\GitHub\nicks-Friday-THE-ENGINE\NickGameEngines245864_04102024\NickEnginesS245864_01102024\Entity2.hpp(188,72): warning C4244: 'argument': conversion from 'T' to 'int', possible loss of data
C:\Users\Games\Documents\Unreal Projects\GitHub\nicks-Friday-THE-ENGINE\NickGameEngines245864_04102024\NickEnginesS245864_01102024\Entity2.hpp(188,72): warning C4244:         with
C:\Users\Games\Documents\Unreal Projects\GitHub\nicks-Friday-THE-ENGINE\NickGameEngines245864_04102024\NickEnginesS245864_01102024\Entity2.hpp(188,72): warning C4244:         [
C:\Users\Games\Documents\Unreal Projects\GitHub\nicks-Friday-THE-ENGINE\NickGameEngines245864_04102024\NickEnginesS245864_01102024\Entity2.hpp(188,72): warning C4244:             T=float
C:\Users\Games\Documents\Unreal Projects\GitHub\nicks-Friday-THE-ENGINE\NickGameEngines245864_04102024\NickEnginesS245864_01102024\Entity2.hpp(188,72): warning C4244:         ]
C:\Users\Games\Documents\Unreal Projects\GitHub\nicks-Friday-THE-ENGINE\NickGameEngines245864_04102024\NickEnginesS245864_01102024\Game.cpp(158,17): warning C4244: 'initializing': conversion from 'int' to 'float', possible loss of data
C:\Users\Games\Documents\Unreal Projects\GitHub\nicks-Friday-THE-ENGINE\NickGameEngines245864_04102024\NickEnginesS245864_01102024\Game.cpp(159,17): warning C4244: 'initializing': conversion from 'int' to 'float', possible loss of data
C:\Users\Games\Documents\Unreal Projects\GitHub\nicks-Friday-THE-ENGINE\NickGameEngines245864_04102024\NickEnginesS245864_01102024\Game.cpp(233,17): warning C4778: 'printf' : unterminated format string '%\n'
C:\Users\Games\Documents\Unreal Projects\GitHub\nicks-Friday-THE-ENGINE\NickGameEngines245864_04102024\NickEnginesS245864_01102024\Game.cpp(233,36): warning C4474: 'printf' : too many arguments passed for format string
C:\Users\Games\Documents\Unreal Projects\GitHub\nicks-Friday-THE-ENGINE\NickGameEngines245864_04102024\NickEnginesS245864_01102024\Game.cpp(244,25): warning C4778: 'printf' : unterminated format string '%\n'
C:\Users\Games\Documents\Unreal Projects\GitHub\nicks-Friday-THE-ENGINE\NickGameEngines245864_04102024\NickEnginesS245864_01102024\Game.cpp(244,44): warning C4474: 'printf' : too many arguments passed for format string
C:\Users\Games\Documents\Unreal Projects\GitHub\nicks-Friday-THE-ENGINE\NickGameEngines245864_04102024\NickEnginesS245864_01102024\Entity2.hpp(110,1): warning C4715: 'Bird::CollisionCheck': not all control paths return a value
  NickGraphicss245864_01102024.vcxproj -> C:\Users\Games\Documents\Unreal Projects\GitHub\nicks-Friday-THE-ENGINE\NickGameEngines245864_04102024\x64\Debug\NickEnginesS245864_01102024.exe
