c:\users\games\documents\github\nicks-friday-the-engine\nickgameengines245864_04102024\nickenginess245864_01102024\x64\debug\vc143.pdb
c:\users\games\documents\github\nicks-friday-the-engine\nickgameengines245864_04102024\nickenginess245864_01102024\x64\debug\vc143.idb
c:\users\games\documents\github\nicks-friday-the-engine\nickgameengines245864_04102024\nickenginess245864_01102024\x64\debug\saveing.obj
c:\users\games\documents\github\nicks-friday-the-engine\nickgameengines245864_04102024\nickenginess245864_01102024\x64\debug\profiler.obj
c:\users\games\documents\github\nicks-friday-the-engine\nickgameengines245864_04102024\nickenginess245864_01102024\x64\debug\physics.obj
c:\users\games\documents\github\nicks-friday-the-engine\nickgameengines245864_04102024\nickenginess245864_01102024\x64\debug\master.obj
c:\users\games\documents\github\nicks-friday-the-engine\nickgameengines245864_04102024\nickenginess245864_01102024\x64\debug\input.obj
c:\users\games\documents\github\nicks-friday-the-engine\nickgameengines245864_04102024\nickenginess245864_01102024\x64\debug\myeventtypes.obj
c:\users\games\documents\github\nicks-friday-the-engine\nickgameengines245864_04102024\nickenginess245864_01102024\x64\debug\eventhandler.obj
c:\users\games\documents\github\nicks-friday-the-engine\nickgameengines245864_04102024\nickenginess245864_01102024\x64\debug\debug.obj
c:\users\games\documents\github\nicks-friday-the-engine\nickgameengines245864_04102024\nickenginess245864_01102024\x64\debug\components.obj
c:\users\games\documents\github\nicks-friday-the-engine\nickgameengines245864_04102024\nickenginess245864_01102024\x64\debug\bitmaps.obj
c:\users\games\documents\github\nicks-friday-the-engine\nickgameengines245864_04102024\nickenginess245864_01102024\x64\debug\imgui_sdl.obj
c:\users\games\documents\github\nicks-friday-the-engine\nickgameengines245864_04102024\nickenginess245864_01102024\x64\debug\imgui_widgets.obj
c:\users\games\documents\github\nicks-friday-the-engine\nickgameengines245864_04102024\nickenginess245864_01102024\x64\debug\imgui_tables.obj
c:\users\games\documents\github\nicks-friday-the-engine\nickgameengines245864_04102024\nickenginess245864_01102024\x64\debug\imgui_draw.obj
c:\users\games\documents\github\nicks-friday-the-engine\nickgameengines245864_04102024\nickenginess245864_01102024\x64\debug\imgui_demo.obj
c:\users\games\documents\github\nicks-friday-the-engine\nickgameengines245864_04102024\nickenginess245864_01102024\x64\debug\imgui.obj
c:\users\games\documents\github\nicks-friday-the-engine\nickgameengines245864_04102024\nickenginess245864_01102024\x64\debug\imgui_impl_sdl.obj
c:\users\games\documents\github\nicks-friday-the-engine\nickgameengines245864_04102024\nickenginess245864_01102024\x64\debug\texturemanager.obj
c:\users\games\documents\github\nicks-friday-the-engine\nickgameengines245864_04102024\nickenginess245864_01102024\x64\debug\game.obj
c:\users\games\documents\github\nicks-friday-the-engine\nickgameengines245864_04102024\nickenginess245864_01102024\x64\debug\entity3.obj
c:\users\games\documents\github\nicks-friday-the-engine\nickgameengines245864_04102024\x64\debug\nickenginess245864_01102024.pdb
c:\users\games\documents\github\nicks-friday-the-engine\nickgameengines245864_04102024\nickenginess245864_01102024\x64\debug\nickengi.2d907d88.tlog\cl.command.1.tlog
c:\users\games\documents\github\nicks-friday-the-engine\nickgameengines245864_04102024\nickenginess245864_01102024\x64\debug\nickengi.2d907d88.tlog\cl.read.1.tlog
c:\users\games\documents\github\nicks-friday-the-engine\nickgameengines245864_04102024\nickenginess245864_01102024\x64\debug\nickengi.2d907d88.tlog\cl.write.1.tlog
c:\users\games\documents\github\nicks-friday-the-engine\nickgameengines245864_04102024\nickenginess245864_01102024\x64\debug\nickengi.2d907d88.tlog\link-cvtres.read.1.tlog
c:\users\games\documents\github\nicks-friday-the-engine\nickgameengines245864_04102024\nickenginess245864_01102024\x64\debug\nickengi.2d907d88.tlog\link-cvtres.write.1.tlog
c:\users\games\documents\github\nicks-friday-the-engine\nickgameengines245864_04102024\nickenginess245864_01102024\x64\debug\nickengi.2d907d88.tlog\link-rc.read.1.tlog
c:\users\games\documents\github\nicks-friday-the-engine\nickgameengines245864_04102024\nickenginess245864_01102024\x64\debug\nickengi.2d907d88.tlog\link-rc.write.1.tlog
c:\users\games\documents\github\nicks-friday-the-engine\nickgameengines245864_04102024\nickenginess245864_01102024\x64\debug\nickengi.2d907d88.tlog\link.command.1.tlog
c:\users\games\documents\github\nicks-friday-the-engine\nickgameengines245864_04102024\nickenginess245864_01102024\x64\debug\nickengi.2d907d88.tlog\link.read.1.tlog
c:\users\games\documents\github\nicks-friday-the-engine\nickgameengines245864_04102024\nickenginess245864_01102024\x64\debug\nickengi.2d907d88.tlog\link.read.2.tlog
c:\users\games\documents\github\nicks-friday-the-engine\nickgameengines245864_04102024\nickenginess245864_01102024\x64\debug\nickengi.2d907d88.tlog\link.read.3.tlog
c:\users\games\documents\github\nicks-friday-the-engine\nickgameengines245864_04102024\nickenginess245864_01102024\x64\debug\nickengi.2d907d88.tlog\link.read.4.tlog
c:\users\games\documents\github\nicks-friday-the-engine\nickgameengines245864_04102024\nickenginess245864_01102024\x64\debug\nickengi.2d907d88.tlog\link.read.5.tlog
c:\users\games\documents\github\nicks-friday-the-engine\nickgameengines245864_04102024\nickenginess245864_01102024\x64\debug\nickengi.2d907d88.tlog\link.write.1.tlog
